Flow report for main
Sun Jun 23 12:13:38 2024
Quartus II 64-Bit Version 13.1.0 Build 162 10/23/2013 SJ Web Edition


---------------------
; Table of Contents ;
---------------------
  1. Legal Notice
  2. Flow Summary
  3. Flow Settings
  4. Flow Non-Default Global Settings
  5. Flow Elapsed Time
  6. Flow OS Summary
  7. Flow Log
  8. Flow Messages
  9. Flow Suppressed Messages



----------------
; Legal Notice ;
----------------
Copyright (C) 1991-2013 Altera Corporation
Your use of Altera Corporation's design tools, logic functions 
and other software and tools, and its AMPP partner logic 
functions, and any output files from any of the foregoing 
(including device programming or simulation files), and any 
associated documentation or information are expressly subject 
to the terms and conditions of the Altera Program License 
Subscription Agreement, Altera MegaCore Function License 
Agreement, or other applicable license agreement, including, 
without limitation, that your use is for the sole purpose of 
programming logic devices manufactured by Altera and sold by 
Altera or its authorized distributors.  Please refer to the 
applicable agreement for further details.



+------------------------------------------------------------------------+
; Flow Summary                                                           ;
+---------------------------+--------------------------------------------+
; Flow Status               ; Successful - Sun Jun 23 12:13:38 2024      ;
; Quartus II 64-Bit Version ; 13.1.0 Build 162 10/23/2013 SJ Web Edition ;
; Revision Name             ; main                                       ;
; Top-level Entity Name     ; main                                       ;
; Family                    ; MAX II                                     ;
; Device                    ; EPM240T100C5                               ;
; Timing Models             ; Final                                      ;
; Total logic elements      ; 166 / 240 ( 69 % )                         ;
; Total pins                ; 26 / 80 ( 33 % )                           ;
; Total virtual pins        ; 0                                          ;
; UFM blocks                ; 0 / 1 ( 0 % )                              ;
+---------------------------+--------------------------------------------+


+-----------------------------------------+
; Flow Settings                           ;
+-------------------+---------------------+
; Option            ; Setting             ;
+-------------------+---------------------+
; Start date & time ; 06/23/2024 12:13:24 ;
; Main task         ; Compilation         ;
; Revision Name     ; main                ;
+-------------------+---------------------+


+-----------------------------------------------------------------------------------------------------------------------------------+
; Flow Non-Default Global Settings                                                                                                  ;
+---------------------------------------+--------------------------------------------+---------------+-------------+----------------+
; Assignment Name                       ; Value                                      ; Default Value ; Entity Name ; Section Id     ;
+---------------------------------------+--------------------------------------------+---------------+-------------+----------------+
; COMPILER_SIGNATURE_ID                 ; 58220873646283.171911960414280             ; --            ; --          ; --             ;
; EDA_GENERATE_FUNCTIONAL_NETLIST       ; On                                         ; --            ; --          ; eda_simulation ;
; EDA_NETLIST_WRITER_OUTPUT_DIR         ; D:/FPGA20232/CODE_BTL/ADC/simulation/qsim/ ; --            ; --          ; eda_simulation ;
; EDA_OUTPUT_DATA_FORMAT                ; Verilog Hdl                                ; --            ; --          ; eda_simulation ;
; EDA_SIMULATION_TOOL                   ; ModelSim-Altera (Verilog)                  ; <None>        ; --          ; --             ;
; MAX_CORE_JUNCTION_TEMP                ; 85                                         ; --            ; --          ; --             ;
; MIN_CORE_JUNCTION_TEMP                ; 0                                          ; --            ; --          ; --             ;
; POWER_EXT_SUPPLY_VOLTAGE_TO_REGULATOR ; 3.3V                                       ; --            ; --          ; --             ;
; POWER_PRESET_COOLING_SOLUTION         ; No Heat Sink With Still Air                ; --            ; --          ; --             ;
; PROJECT_OUTPUT_DIRECTORY              ; output_files                               ; --            ; --          ; --             ;
+---------------------------------------+--------------------------------------------+---------------+-------------+----------------+


+-------------------------------------------------------------------------------------------------------------------------------+
; Flow Elapsed Time                                                                                                             ;
+---------------------------+--------------+-------------------------+---------------------+------------------------------------+
; Module Name               ; Elapsed Time ; Average Processors Used ; Peak Virtual Memory ; Total CPU Time (on all processors) ;
+---------------------------+--------------+-------------------------+---------------------+------------------------------------+
; Analysis & Synthesis      ; 00:00:03     ; 1.0                     ; 4649 MB             ; 00:00:02                           ;
; Fitter                    ; 00:00:03     ; 1.0                     ; 5252 MB             ; 00:00:03                           ;
; Assembler                 ; 00:00:00     ; 1.0                     ; 4570 MB             ; 00:00:01                           ;
; TimeQuest Timing Analyzer ; 00:00:01     ; 1.0                     ; 4595 MB             ; 00:00:01                           ;
; EDA Netlist Writer        ; 00:00:01     ; 1.0                     ; 4529 MB             ; 00:00:00                           ;
; Total                     ; 00:00:08     ; --                      ; --                  ; 00:00:07                           ;
+---------------------------+--------------+-------------------------+---------------------+------------------------------------+


+----------------------------------------------------------------------------------------+
; Flow OS Summary                                                                        ;
+---------------------------+------------------+-----------+------------+----------------+
; Module Name               ; Machine Hostname ; OS Name   ; OS Version ; Processor type ;
+---------------------------+------------------+-----------+------------+----------------+
; Analysis & Synthesis      ; HongPhuongNguyen ; Windows 7 ; 6.2        ; x86_64         ;
; Fitter                    ; HongPhuongNguyen ; Windows 7 ; 6.2        ; x86_64         ;
; Assembler                 ; HongPhuongNguyen ; Windows 7 ; 6.2        ; x86_64         ;
; TimeQuest Timing Analyzer ; HongPhuongNguyen ; Windows 7 ; 6.2        ; x86_64         ;
; EDA Netlist Writer        ; HongPhuongNguyen ; Windows 7 ; 6.2        ; x86_64         ;
+---------------------------+------------------+-----------+------------+----------------+


------------
; Flow Log ;
------------
quartus_map --read_settings_files=on --write_settings_files=off ADC -c main
quartus_fit --read_settings_files=off --write_settings_files=off ADC -c main
quartus_asm --read_settings_files=off --write_settings_files=off ADC -c main
quartus_sta ADC -c main
quartus_eda --read_settings_files=off --write_settings_files=off ADC -c main



